2025-05-12 00:31:38.573 | INFO     | __main__:<module>:36 - Logger loaded.
2025-05-12 00:31:38.573 | INFO     | __main__:main:196 - #####################################
2025-05-12 00:31:38.573 | INFO     | __main__:main:197 - # Starting execution of main()
2025-05-12 00:31:38.573 | INFO     | __main__:main:198 - #####################################

2025-05-12 00:31:38.574 | INFO     | __main__:main:200 - Byline: 
---------------------------------------------------------
Graduate Applicant Basic Analytics
---------------------------------------------------------
Current Student of Mathematics:       True
Years as a Mathematics Student:       20
Favorite Irrational Number:           1.618...
Last Three Math Courses:              Abstract Algebra, Calculus 7, Euclidian Geometry
Final Scores of Courses:              74, 53, 98
Minimum Course Score:                 53
Maximum Course Score:                 98
Mean Course Score:                    75.0
Standard Deviation of Course Scores:  22.52

2025-05-12 00:31:38.583 | INFO     | __main__:create_folders_for_range:72 - FUNCTION: create_folders_for_range()
2025-05-12 00:31:38.583 | INFO     | __main__:create_folders_for_range:73 - PARAMETERS: start_year = 2020, end_year = 2023
2025-05-12 00:31:38.584 | INFO     | __main__:create_folders_for_range:84 - Created folder: C:\Repos\datafun-02-automation\2020
2025-05-12 00:31:38.584 | INFO     | __main__:create_folders_for_range:84 - Created folder: C:\Repos\datafun-02-automation\2021
2025-05-12 00:31:38.584 | INFO     | __main__:create_folders_for_range:84 - Created folder: C:\Repos\datafun-02-automation\2022
2025-05-12 00:31:38.585 | INFO     | __main__:create_folders_for_range:84 - Created folder: C:\Repos\datafun-02-automation\2023
2025-05-12 00:31:38.585 | INFO     | __main__:create_folders_from_list:102 - FUNCTION: create_folders_from_list()
2025-05-12 00:31:38.585 | INFO     | __main__:create_folders_from_list:103 - PARAMETER: folder_list = ['data-csv', 'data-excel', 'data-json']
2025-05-12 00:31:38.586 | INFO     | __main__:create_folders_from_list:108 - Created folder: C:\Repos\datafun-02-automation\data-csv
2025-05-12 00:31:38.586 | INFO     | __main__:create_folders_from_list:108 - Created folder: C:\Repos\datafun-02-automation\data-excel
2025-05-12 00:31:38.587 | INFO     | __main__:create_folders_from_list:108 - Created folder: C:\Repos\datafun-02-automation\data-json
2025-05-12 00:31:38.587 | INFO     | __main__:create_prefixed_folders_using_list_comprehension:128 - FUNCTION: create_prefixed_folders()
2025-05-12 00:31:38.587 | INFO     | __main__:create_prefixed_folders_using_list_comprehension:129 - PARAMETERS: folder_list = ['csv', 'excel', 'json'], prefix = output-
2025-05-12 00:31:38.588 | INFO     | __main__:create_prefixed_folders_using_list_comprehension:131 - Created folder: C:\Repos\datafun-02-automation\output-csv
2025-05-12 00:31:38.588 | INFO     | __main__:create_prefixed_folders_using_list_comprehension:131 - Created folder: C:\Repos\datafun-02-automation\output-excel
2025-05-12 00:31:38.588 | INFO     | __main__:create_prefixed_folders_using_list_comprehension:131 - Created folder: C:\Repos\datafun-02-automation\output-json
2025-05-12 00:31:38.589 | INFO     | __main__:create_folders_periodically:148 - FUNCTION: create_folders_periodically()
2025-05-12 00:31:38.589 | INFO     | __main__:create_folders_periodically:149 - PARAMETER: duration_seconds = 1
2025-05-12 00:31:38.589 | INFO     | __main__:create_folders_periodically:154 - Created folder: C:\Repos\datafun-02-automation\csv
2025-05-12 00:31:38.590 | INFO     | __main__:create_folders_periodically:155 - Sleeping for 1 second(s).
2025-05-12 00:31:39.591 | INFO     | __main__:create_folders_periodically:154 - Created folder: C:\Repos\datafun-02-automation\excel
2025-05-12 00:31:39.591 | INFO     | __main__:create_folders_periodically:155 - Sleeping for 1 second(s).
2025-05-12 00:31:40.593 | INFO     | __main__:create_folders_periodically:154 - Created folder: C:\Repos\datafun-02-automation\json
2025-05-12 00:31:40.595 | INFO     | __main__:create_folders_periodically:155 - Sleeping for 1 second(s).
2025-05-12 00:31:41.597 | INFO     | __main__:create_standardized_folders:175 - FUNCTION: create_standardized_folders()
2025-05-12 00:31:41.598 | INFO     | __main__:create_standardized_folders:176 - PARAMETERS: folder_list = ['North America', 'South America', 'Europe', 'Asia', 'Africa', 'Oceania', 'Middle East'], to_lowercase = True, remove_spaces = True
2025-05-12 00:31:41.598 | INFO     | __main__:create_standardized_folders:187 - Created folder: C:\Repos\datafun-02-automation\northamerica
2025-05-12 00:31:41.599 | INFO     | __main__:create_standardized_folders:187 - Created folder: C:\Repos\datafun-02-automation\southamerica
2025-05-12 00:31:41.600 | INFO     | __main__:create_standardized_folders:187 - Created folder: C:\Repos\datafun-02-automation\europe
2025-05-12 00:31:41.600 | INFO     | __main__:create_standardized_folders:187 - Created folder: C:\Repos\datafun-02-automation\asia
2025-05-12 00:31:41.600 | INFO     | __main__:create_standardized_folders:187 - Created folder: C:\Repos\datafun-02-automation\africa
2025-05-12 00:31:41.601 | INFO     | __main__:create_standardized_folders:187 - Created folder: C:\Repos\datafun-02-automation\oceania
2025-05-12 00:31:41.601 | INFO     | __main__:create_standardized_folders:187 - Created folder: C:\Repos\datafun-02-automation\middleeast
2025-05-12 00:31:41.602 | INFO     | __main__:main:221 - 
#####################################
2025-05-12 00:31:41.602 | INFO     | __main__:main:222 - # Completed execution of main()
2025-05-12 00:31:41.602 | INFO     | __main__:main:223 - #####################################
